Log file open, 10/26/16 16:27:07
LogInit:Display: Running engine for game: balon
LogPlatformFile: Not using cached read wrapper
LogInit:Display: RandInit(2073344973) SRandInit(2073344974).
LogTaskGraph: Started task graph with 4 named threads and 7 total threads with 1 sets of task threads.
LogStats: Stats thread started at 0.078305
LogInit: Version: 4.12.5-3039270+++UE4+Release-4.12
LogInit: API Version: 2992821
LogInit: Net Version: 3039270
LogDevObjectVersion: Number of dev versions registered: 13
LogDevObjectVersion:   Dev-Blueprints (B0D832E4-1F89-4F0D-ACCF-7EB736FD4AA2): 3
LogDevObjectVersion:   Dev-Build (E1C64328-A22C-4D53-A36C-8E866417BD8C): 0
LogDevObjectVersion:   Dev-Core (375EC13C-06E4-48FB-B500-84F0262A717E): 1
LogDevObjectVersion:   Dev-Editor (E4B068ED-F494-42E9-A231-DA0B2E46BB41): 2
LogDevObjectVersion:   Dev-Framework (CFFC743F-43B0-4480-9391-14DF171D2073): 6
LogDevObjectVersion:   Dev-Mobile (B02B49B5-BB20-44E9-A304-32B752E40360): 0
LogDevObjectVersion:   Dev-Networking (A4E4105C-59A1-49B5-A7C5-40C4547EDFEE): 0
LogDevObjectVersion:   Dev-Online (39C831C9-5AE6-47DC-9A44-9C173E1C8E7C): 0
LogDevObjectVersion:   Dev-Physics (78F01B33-EBEA-4F98-B9B4-84EACCB95AA2): 0
LogDevObjectVersion:   Dev-Platform (6631380F-2D4D-43E0-8009-CF276956A95A): 0
LogDevObjectVersion:   Dev-Rendering (12F88B9F-8875-4AFC-A67C-D90C383ABD29): 2
LogDevObjectVersion:   Dev-Sequencer (7B5AE74C-D270-4C10-A958-57980B212A5A): 0
LogDevObjectVersion:   Dev-VR (D7296918-1DD6-4BDD-9DE2-64A83CC13884): 0
LogInit: Compiled (64-bit): Jul  6 2016 09:09:46
LogInit: Compiled with Visual C++: 19.00.23026.00
LogInit: Build Configuration: Development
LogInit: Branch Name: ++UE4+Release-4.12
LogInit: Command line: -EpicPortal 
LogInit: Base directory: C:/Program Files (x86)/Epic Games/4.12/Engine/Binaries/Win64/
LogInit: Installed Engine Build: 1
LogInit: Using libcurl 7.41.0
LogInit:  - built for x86_64-pc-win32
LogInit:  - supports SSL with WinSSL
LogInit:  - other features:
LogInit:      CURL_VERSION_SSL
LogInit:      CURL_VERSION_IPV6
LogInit:      CURL_VERSION_ASYNCHDNS
LogInit:      CURL_VERSION_LARGEFILE
LogInit:      CURL_VERSION_IDN
LogInit:  CurlRequestOptions (configurable via config and command line):
LogInit:  - bVerifyPeer = true  - Libcurl will verify peer certificate
LogInit:  - bUseHttpProxy = false  - Libcurl will NOT use HTTP proxy
LogInit:  - bDontReuseConnections = false  - Libcurl will reuse connections
LogInit:  - CertBundlePath = nullptr  - Libcurl will use whatever was configured at build time.
LogInit: Presizing for max 8388607 objects, including 0 objects not considered by GC, pre-allocating 0 bytes for permanent pool.
LogInit: Object subsystem initialized
[2016.10.26-15.27.07:260][  0]LogInit: Selected Device Profile: [Windows]
[2016.10.26-15.27.07:260][  0]LogInit: Applying CVar settings loaded from the selected device profile: [Windows]
[2016.10.26-15.27.07:268][  0]LogInit: Computer: OWENSPC
[2016.10.26-15.27.07:269][  0]LogInit: User: Owen
[2016.10.26-15.27.07:269][  0]LogInit: CPU Page size=65536, Cores=4
[2016.10.26-15.27.07:269][  0]LogInit: High frequency timer resolution =3.312646 MHz
[2016.10.26-15.27.07:269][  0]LogMemory: Memory total: Physical=7.9GB (8GB approx)
[2016.10.26-15.27.07:269][  0]LogMemory: Platform Memory Stats for Windows
[2016.10.26-15.27.07:269][  0]LogMemory: Process Physical Memory: 190.68 MB used, 190.68 MB peak
[2016.10.26-15.27.07:269][  0]LogMemory: Process Virtual Memory: 195.41 MB used, 195.41 MB peak
[2016.10.26-15.27.07:269][  0]LogMemory: Physical Memory: 3397.25 MB used, 8130.56 MB total
[2016.10.26-15.27.07:269][  0]LogMemory: Virtual Memory: 539.41 MB used, 134217728.00 MB total
[2016.10.26-15.27.07:305][  0]LogTextLocalizationManager: No specific translations for ('en-GB') exist, so ('en') translations will be used.
[2016.10.26-15.27.07:651][  0]LogD3D11RHI: D3D11 adapters:
[2016.10.26-15.27.08:150][  0]LogD3D11RHI:    0. 'NVIDIA GeForce GTX 660' (Feature Level 11_0)
[2016.10.26-15.27.08:150][  0]LogD3D11RHI:       2016/0/4065 MB DedicatedVideo/DedicatedSystem/SharedSystem, Outputs:1, VendorId:0x10de
[2016.10.26-15.27.08:151][  0]LogD3D11RHI:    1. 'Microsoft Basic Render Driver' (Feature Level 11_0)
[2016.10.26-15.27.08:151][  0]LogD3D11RHI:       0/0/4065 MB DedicatedVideo/DedicatedSystem/SharedSystem, Outputs:0, VendorId:0x1414
[2016.10.26-15.27.08:151][  0]LogD3D11RHI: Chosen D3D11 Adapter: 0
[2016.10.26-15.27.08:154][  0]LogD3D11RHI: Creating new Direct3DDevice
[2016.10.26-15.27.08:154][  0]LogD3D11RHI:     GPU DeviceId: 0x11c0 (for the marketing name, search the web for "GPU Device Id")
[2016.10.26-15.27.08:154][  0]LogWindows: EnumDisplayDevices:
[2016.10.26-15.27.08:154][  0]LogWindows:    0. 'NVIDIA GeForce GTX 660' (P:1 D:1)
[2016.10.26-15.27.08:155][  0]LogWindows:    1. 'NVIDIA GeForce GTX 660' (P:0 D:0)
[2016.10.26-15.27.08:155][  0]LogWindows:    2. 'NVIDIA GeForce GTX 660' (P:0 D:0)
[2016.10.26-15.27.08:155][  0]LogWindows:    3. 'NVIDIA GeForce GTX 660' (P:0 D:0)
[2016.10.26-15.27.08:155][  0]LogWindows: DebugString: FoundDriverCount:4 
[2016.10.26-15.27.08:155][  0]LogD3D11RHI:     Adapter Name: NVIDIA GeForce GTX 660
[2016.10.26-15.27.08:155][  0]LogD3D11RHI:   Driver Version: 375.63 (internal:21.21.13.7563, unified:375.63)
[2016.10.26-15.27.08:155][  0]LogD3D11RHI:      Driver Date: 10-21-2016
[2016.10.26-15.27.08:155][  0]LogRHI: Texture pool is 1361 MB (70% of 1945 MB)
[2016.10.26-15.27.08:575][  0]LogD3D11RHI: Async texture creation enabled
[2016.10.26-15.27.08:612][  0]LogD3D11RHI: GPU Timing Frequency: 1000.000000 (Debug: 2 2)
[2016.10.26-15.27.08:612][  0]LogShaderCompilers: Guid format shader working directory is 2 characters bigger than the processId version (../../../../../../Users/Owen/Desktop/balon/Intermediate/Shaders/WorkingDirectory/14372/).
[2016.10.26-15.27.08:613][  0]LogShaderCompilers: Cleaned the shader compiler working directory 'C:/Users/Owen/AppData/Local/Temp/UnrealShaderWorkingDir/2DE123E24B9174B6A7E11A8DA78297E0/'.
[2016.10.26-15.27.08:613][  0]LogShaderCompilers:Display: Using Local Shader Compiler.
[2016.10.26-15.27.10:109][  0]LogTemp:Display: Loaded TP AllDesktopTargetPlatform
[2016.10.26-15.27.10:117][  0]LogTemp:Display: Loaded TP WindowsClientTargetPlatform
[2016.10.26-15.27.10:126][  0]LogTemp:Display: Loaded TP WindowsNoEditorTargetPlatform
[2016.10.26-15.27.10:134][  0]LogTemp:Display: Loaded TP WindowsServerTargetPlatform
[2016.10.26-15.27.10:144][  0]LogTemp:Display: Loaded TP WindowsTargetPlatform
[2016.10.26-15.27.10:151][  0]LogTemp:Display: Loaded TP AndroidTargetPlatform
[2016.10.26-15.27.10:157][  0]LogTemp:Display: Loaded TP Android_ASTCTargetPlatform
[2016.10.26-15.27.10:164][  0]LogTemp:Display: Loaded TP Android_ATCTargetPlatform
[2016.10.26-15.27.10:171][  0]LogTemp:Display: Loaded TP Android_DXTTargetPlatform
[2016.10.26-15.27.10:177][  0]LogTemp:Display: Loaded TP Android_ETC1TargetPlatform
[2016.10.26-15.27.10:183][  0]LogTemp:Display: Loaded TP Android_ETC2TargetPlatform
[2016.10.26-15.27.10:195][  0]LogTemp:Display: Loaded TP Android_MultiTargetPlatform
[2016.10.26-15.27.10:195][  0]LogTemp:Display: Loaded TP Android_PVRTCTargetPlatform
[2016.10.26-15.27.10:196][  0]LogTemp:Display: Loaded TP HTML5TargetPlatform
[2016.10.26-15.27.10:217][  0]LogTemp:Display: Loaded TP IOSTargetPlatform
[2016.10.26-15.27.10:223][  0]LogTemp:Display: Loaded TP TVOSTargetPlatform
[2016.10.26-15.27.10:229][  0]LogTemp:Display: Loaded TP LinuxNoEditorTargetPlatform
[2016.10.26-15.27.10:235][  0]LogTemp:Display: Loaded TP LinuxServerTargetPlatform
[2016.10.26-15.27.10:265][  0]LogTemp:Display: Loaded TP LinuxTargetPlatform
[2016.10.26-15.27.10:265][  0]LogTargetPlatformManager:Display: Building Assets For Windows
[2016.10.26-15.27.10:338][  0]LogDerivedDataCache:Display: Max Cache Size: 512 MB
[2016.10.26-15.27.11:564][  0]LogDerivedDataCache: Loaded boot cache 1.23s 48MB C:/Users/Owen/AppData/Local/UnrealEngine/4.12/DerivedDataCache/Boot.ddc.
[2016.10.26-15.27.11:565][  0]LogDerivedDataCache:Display: Loaded Boot cache: C:/Users/Owen/AppData/Local/UnrealEngine/4.12/DerivedDataCache/Boot.ddc
[2016.10.26-15.27.11:565][  0]LogDerivedDataCache: FDerivedDataBackendGraph:  Pak pak cache file ../../../../../../Users/Owen/Desktop/balon/DerivedDataCache/DDC.ddp not found, will not use a pak cache.
[2016.10.26-15.27.11:565][  0]LogDerivedDataCache: Unable to find inner node Pak for hierarchical cache Hierarchy.
[2016.10.26-15.27.11:565][  0]LogDerivedDataCache: FDerivedDataBackendGraph:  CompressedPak pak cache file ../../../../../../Users/Owen/Desktop/balon/DerivedDataCache/Compressed.ddp not found, will not use a pak cache.
[2016.10.26-15.27.11:565][  0]LogDerivedDataCache: Unable to find inner node CompressedPak for hierarchical cache Hierarchy.
[2016.10.26-15.27.11:595][  0]LogDerivedDataCache:Display: Pak cache opened for reading ../../../Engine/DerivedDataCache/Compressed.ddp.
[2016.10.26-15.27.11:607][  0]LogDerivedDataCache: Using Local data cache path C:/Users/Owen/AppData/Local/UnrealEngine/Common/DerivedDataCache: Writable
[2016.10.26-15.27.11:747][  0]LogInit: Selected Device Profile: [Windows]
[2016.10.26-15.27.11:747][  0]LogContentStreaming: Texture pool size is 0.00 MB
[2016.10.26-15.27.11:895][  0]LogMeshUtilities: No automatic mesh reduction module available
[2016.10.26-15.27.11:895][  0]LogMeshUtilities: No automatic mesh merging module available
[2016.10.26-15.27.11:895][  0]LogMeshUtilities: No distributed automatic mesh merging module available
[2016.10.26-15.27.13:656][  0]LogAssetRegistry: FAssetRegistry took 0.0216 seconds to start up
[2016.10.26-15.27.13:964][  0]LogPackageLocalizationCache: Processed 3 localized package path(s) for 2 prioritized culture(s) in 0.302520 seconds
[2016.10.26-15.27.13:973][  0]LogUObjectArray: 28739 objects as part of root set at end of initial load.
[2016.10.26-15.27.13:973][  0]LogUObjectAllocator: 5855632 out of 0 bytes used by permanent object pool.
[2016.10.26-15.27.13:973][  0]LogUObjectArray: CloseDisregardForGC: 0/0 objects in disregard for GC pool
[2016.10.26-15.27.13:991][  0]LogInit: WinSock: version 1.1 (2.2), MaxSocks=32767, MaxUdp=65467
[2016.10.26-15.27.14:908][  0]LogSlate: SlateFontCache - WITH_FREETYPE: 1, WITH_HARFBUZZ: 1
[2016.10.26-15.27.14:908][  0]LogSlate: SlateFontCache - WITH_FREETYPE: 1, WITH_HARFBUZZ: 1
[2016.10.26-15.27.57:513][  0]LogUdpMessaging: Initializing bridge on interface 0.0.0.0:0 to multicast group 230.0.0.1:6666.
[2016.10.26-15.27.58:447][  0]SourceControl: Info Source control is disabled
[2016.10.26-15.27.58:553][  0]SourceControl: Info Source control is disabled
[2016.10.26-15.27.58:563][  0]SourceControl: Info Source control is disabled
[2016.10.26-15.27.58:574][  0]SourceControl: Info Source control is disabled
[2016.10.26-15.27.59:405][  0]LogEngine: Initializing Engine...
[2016.10.26-15.27.59:409][  0]LogHMD: SteamVR failed to initialize.  Err: 108
[2016.10.26-15.27.59:412][  0]LogHMD: SteamVR failed to initialize.  Err: 108
[2016.10.26-15.27.59:531][  0]LogAIModule: Creating AISystem for world NewWorld
[2016.10.26-15.27.59:541][  0]LogInit: XAudio2 using 'Speakers (Realtek High Definition Audio)' : 2 channels at 48 kHz using 32 bits per sample (channel mask 0x3)
[2016.10.26-15.27.59:563][  0]LogInit: FAudioDevice initialized.
[2016.10.26-15.27.59:589][  0]LogDerivedDataCache: Saved boot cache 0.03s 48MB C:/Users/Owen/AppData/Local/UnrealEngine/4.12/DerivedDataCache/Boot.ddc.
[2016.10.26-15.27.59:597][  0]LogInit: Texture streaming: Enabled
[2016.10.26-15.27.59:620][  0]LogWindowsTextInputMethodSystem:Display: IME system now deactivated.
[2016.10.26-15.27.59:803][  0]LogInit: Transaction tracking system initialized
[2016.10.26-15.27.59:848][  0]BlueprintLog: New page: Editor Load
[2016.10.26-15.28.00:566][  0]LocalizationService: Info Localization service is disabled
[2016.10.26-15.28.00:982][  0]LogConsoleResponse:Display: 
[2016.10.26-15.28.01:762][  0]LogCook:Display: Max memory allowance for cook 8192mb
[2016.10.26-15.28.01:762][  0]LogCook:Display: Mobile HDR setting 1
[2016.10.26-15.28.02:105][  0]LogFileCache: Scanning file cache for directory 'C:/Users/Owen/Desktop/balon/Content/' took 0.05s
[2016.10.26-15.28.02:124][  0]SourceControl: Info Source control is disabled
[2016.10.26-15.28.02:124][  0]Cmd: MAP LOAD FILE="../../../../../../Users/Owen/Desktop/balon/Content/FirstPersonBP/Maps/FirstPersonExampleMap.umap" TEMPLATE=0 SHOWPROGRESS=1 FEATURELEVEL=3
[2016.10.26-15.28.02:124][  0]LightingResults: New page: Lighting Build
[2016.10.26-15.28.02:128][  0]MapCheck: New page: Map Check
[2016.10.26-15.28.02:128][  0]LightingResults: New page: Lighting Build
[2016.10.26-15.28.05:866][  0]LogTexture:Display: Building textures: HQ_Lightmap0_1 (AutoDXT)
[2016.10.26-15.28.06:516][  0]LogTexture:Display: Building textures: HQ_Lightmap0_2 (AutoDXT)
[2016.10.26-15.28.06:988][  0]LogTexture:Display: Building textures: HQ_Lightmap1_3 (AutoDXT)
[2016.10.26-15.28.07:482][  0]LogTexture:Display: Building textures: HQ_Lightmap1_4 (AutoDXT)
[2016.10.26-15.28.07:537][  0]LogTexture:Display: Building textures: LQ_Lightmap_0_1 (DXT1)
[2016.10.26-15.28.07:812][  0]LogTexture:Display: Building textures: LQ_Lightmap_0_2 (DXT1)
[2016.10.26-15.28.08:078][  0]LogTexture:Display: Building textures: LQ_Lightmap_1_3 (DXT1)
[2016.10.26-15.28.08:304][  0]LogTexture:Display: Building textures: LQ_Lightmap_1_4 (DXT1)
[2016.10.26-15.28.08:329][  0]LogTexture:Display: Building textures: SkyOcclusion0_1 (AutoDXT)
[2016.10.26-15.28.08:486][  0]LogTexture:Display: Building textures: SkyOcclusion0_2 (AutoDXT)
[2016.10.26-15.28.08:627][  0]LogTexture:Display: Building textures: SkyOcclusion1_3 (AutoDXT)
[2016.10.26-15.28.08:757][  0]LogTexture:Display: Building textures: SkyOcclusion1_4 (AutoDXT)
[2016.10.26-15.28.08:788][  0]LogTexture:Display: Building textures: ShadowMapTexture2D_20 (BGRA8)
[2016.10.26-15.28.08:914][  0]LogTexture:Display: Building textures: ShadowMapTexture2D_21 (BGRA8)
[2016.10.26-15.28.09:033][  0]LogTexture:Display: Building textures: ShadowMapTexture2D_22 (BGRA8)
[2016.10.26-15.28.09:176][  0]LogTexture:Display: Building textures: ShadowMapTexture2D_23 (BGRA8)
[2016.10.26-15.28.09:304][  0]LogTexture:Display: Building textures: ShadowMapTexture2D_24 (BGRA8)
[2016.10.26-15.28.09:396][  0]LogTexture:Display: Building textures: ShadowMapTexture2D_26 (BGRA8)
[2016.10.26-15.28.09:788][  0]LogAIModule: Creating AISystem for world FirstPersonExampleMap
[2016.10.26-15.28.10:033][  0]PIE:Warning: Warning AttachTo: '/Game/FirstPersonBP/Maps/FirstPersonExampleMap.FirstPersonExampleMap:PersistentLevel.Floor_16.Floor_Blueprint' is not static , cannot attach '/Game/FirstPersonBP/Maps/FirstPersonExampleMap.FirstPersonExampleMap:PersistentLevel.Floor_Blueprint_C_6.StaticMeshComponent0' which is static to it. Aborting.
[2016.10.26-15.28.10:284][  0]LogEditorServer: Finished looking for orphan Actors (0.000 secs)
[2016.10.26-15.28.10:306][  0]Cmd: MAP CHECKDEP NOCLEARLOG
[2016.10.26-15.28.10:380][  0]MapCheck: Info Map check complete: 0 Error(s), 0 Warning(s), took 74.105ms to complete.
[2016.10.26-15.28.10:381][  0]LogFileHelpers: Loading map 'FirstPersonExampleMap' took 8.257
[2016.10.26-15.28.15:708][  0]LogCollectionManager: Loaded 0 collections in 0.007790 seconds
[2016.10.26-15.28.16:121][  0]LogFileCache: Scanning file cache for directory 'C:/Users/Owen/Desktop/balon/Saved/Collections/' took 0.01s
[2016.10.26-15.28.16:121][  0]LogFileCache: Scanning file cache for directory 'C:/Users/Owen/Desktop/balon/Content/Developers/Owen/Collections/' took 0.01s
[2016.10.26-15.28.16:121][  0]LogFileCache: Scanning file cache for directory 'C:/Users/Owen/Desktop/balon/Content/Collections/' took 0.01s
[2016.10.26-15.28.16:121][  0]LogCollectionManager: Rebuilt the GUID cache for 0 collections in 0.000008 seconds
[2016.10.26-15.28.16:154][  0]LogContentBrowser: Native class hierarchy populated in 0.0303 seconds. Added 2047 classes and 369 folders.
[2016.10.26-15.28.16:288][  0]LogStats: UGameplayTagsManager::ConstructGameplayTagTree: Construct from data asset -  0.013 s
[2016.10.26-15.28.16:289][  0]LogStats: UGameplayTagsManager::ConstructGameplayTagTree: GameplayTagTreeChangedEvent.Broadcast -  0.000 s
[2016.10.26-15.28.16:291][  0]LogContentBrowser: Native class hierarchy updated for 'GameplayTags' in 0.0016 seconds. Added 12 classes and 0 folders.
[2016.10.26-15.28.16:340][  0]LogContentBrowser: Native class hierarchy updated for 'WidgetCarousel' in 0.0005 seconds. Added 0 classes and 0 folders.
[2016.10.26-15.28.19:632][  0]LogContentBrowser: Native class hierarchy updated for 'AddContentDialog' in 0.0014 seconds. Added 0 classes and 0 folders.
[2016.10.26-15.28.19:709][  0]LogContentBrowser: Native class hierarchy updated for 'SceneOutliner' in 0.0015 seconds. Added 1 classes and 2 folders.
[2016.10.26-15.28.20:153][  0]LogCrashTracker: Crashtracker disabled due to settings.
[2016.10.26-15.28.20:353][  0]LogUObjectGlobals:Warning: Failed to find object 'Class None.'
[2016.10.26-15.28.20:411][  0]LogContentBrowser: Native class hierarchy updated for 'HierarchicalLODOutliner' in 0.0007 seconds. Added 1 classes and 2 folders.
[2016.10.26-15.28.20:411][  0]LogLoad: Full Startup: 74.04 seconds (BP compile: 1.12 seconds)
[2016.10.26-15.28.20:411][  0]LogExternalProfiler: Found external profiler: VSPerf
[2016.10.26-15.28.20:411][  0]LogExternalProfiler: Using external profiler: VSPerf
[2016.10.26-15.28.20:422][  0]LogOcInput: OculusInput pre-init called
[2016.10.26-15.28.20:731][  0]LogContentStreaming: Texture pool size now 1000 MB
[2016.10.26-15.28.22:022][  0]LogRenderer: Reallocating scene render targets to support 1208x576 (Frame:2).
[2016.10.26-15.28.23:067][  3]LogAssetRegistry: Asset discovery search completed in 69.4323 seconds
[2016.10.26-15.28.23:067][  3]LogCollectionManager: Rebuilt the object cache for 0 collections in 0.000002 seconds (found 0 objects)
[2016.10.26-15.28.23:067][  3]LogCollectionManager: Fixed up redirectors for 0 collections in 0.000042 seconds (updated 0 objects)
[2016.10.26-15.28.30:178][557]LogBlueprintUserMessages: Early PlayInEditor Detection: Level '/Game/FirstPersonBP/Maps/FirstPersonExampleMap.FirstPersonExampleMap:PersistentLevel' has LevelScriptBlueprint '/Game/FirstPersonBP/Maps/FirstPersonExampleMap.FirstPersonExampleMap:PersistentLevel.FirstPersonExampleMap' with GeneratedClass '/Game/FirstPersonBP/Maps/FirstPersonExampleMap.FirstPersonExampleMap_C' with ClassGeneratedBy '/Game/FirstPersonBP/Maps/FirstPersonExampleMap.FirstPersonExampleMap:PersistentLevel.FirstPersonExampleMap'
[2016.10.26-15.28.30:183][557]LogPlayLevel: PlayLevel: No blueprints needed recompiling
[2016.10.26-15.28.30:308][557]PIE: New page: PIE session: FirstPersonExampleMap (26 Oct 2016 16:28:30)
[2016.10.26-15.28.30:308][557]LogPlayLevel: Creating play world package: /Game/FirstPersonBP/Maps/UEDPIE_0_FirstPersonExampleMap
[2016.10.26-15.28.30:429][557]LogPlayLevel: PIE: StaticDuplicateObject took: (0.121151s)
[2016.10.26-15.28.30:430][557]LogAIModule: Creating AISystem for world FirstPersonExampleMap
[2016.10.26-15.28.30:430][557]LogPlayLevel: PIE: World Init took: (0.001106s)
[2016.10.26-15.28.30:435][557]LogPlayLevel: PIE: Created PIE world by copying editor world from /Game/FirstPersonBP/Maps/FirstPersonExampleMap.FirstPersonExampleMap to /Game/FirstPersonBP/Maps/UEDPIE_0_FirstPersonExampleMap.FirstPersonExampleMap (0.126856s)
[2016.10.26-15.28.30:578][557]LogInit: XAudio2 using 'Speakers (Realtek High Definition Audio)' : 2 channels at 48 kHz using 32 bits per sample (channel mask 0x3)
[2016.10.26-15.28.30:595][557]LogInit: FAudioDevice initialized.
[2016.10.26-15.28.30:834][557]LogWorld: Game class is 'FirstPersonGameMode_C'
[2016.10.26-15.28.30:954][557]PIE:Warning: Warning AttachTo: '/Game/FirstPersonBP/Maps/UEDPIE_0_FirstPersonExampleMap.FirstPersonExampleMap:PersistentLevel.Floor_16.Floor_Blueprint' is not static , cannot attach '/Game/FirstPersonBP/Maps/UEDPIE_0_FirstPersonExampleMap.FirstPersonExampleMap:PersistentLevel.Floor_Blueprint_C_6.StaticMeshComponent0' which is static to it. Aborting.
[2016.10.26-15.28.30:962][557]LogWorld: Bringing World /Game/FirstPersonBP/Maps/UEDPIE_0_FirstPersonExampleMap.FirstPersonExampleMap up for play (max tick rate 0) at 2016.10.26-16.28.30
[2016.10.26-15.28.31:017][557]LogWorld: Bringing up level for play took: 0.068729
[2016.10.26-15.28.31:179][557]LogContentBrowser: Native class hierarchy updated for 'MovieSceneCapture' in 0.0015 seconds. Added 11 classes and 0 folders.
[2016.10.26-15.28.31:222][557]PIE: Info Play in editor start time for /Game/FirstPersonBP/Maps/UEDPIE_0_FirstPersonExampleMap 0.57
[2016.10.26-15.28.31:223][557]LogBlueprintUserMessages: Late PlayInEditor Detection: Level '/Game/FirstPersonBP/Maps/FirstPersonExampleMap.FirstPersonExampleMap:PersistentLevel' has LevelScriptBlueprint '/Game/FirstPersonBP/Maps/FirstPersonExampleMap.FirstPersonExampleMap:PersistentLevel.FirstPersonExampleMap' with GeneratedClass '/Game/FirstPersonBP/Maps/FirstPersonExampleMap.FirstPersonExampleMap_C' with ClassGeneratedBy '/Game/FirstPersonBP/Maps/FirstPersonExampleMap.FirstPersonExampleMap:PersistentLevel.FirstPersonExampleMap'
[2016.10.26-15.28.33:185][673]PIE:Warning: Warning Invalid Simulate Options: Body (balloonSpawner_C_0.Sphere) is set to simulate physics but Collision Enabled is incompatible
[2016.10.26-15.28.33:185][673]PIE:Warning: Warning Invalid Simulate Options: Body (balloonSpawner_C_0.Sphere) is set to simulate physics but Collision Enabled is incompatible
[2016.10.26-15.28.36:180][932]PIE:Warning: Warning Invalid Simulate Options: Body (balloonSpawner_C_1.Sphere) is set to simulate physics but Collision Enabled is incompatible
[2016.10.26-15.28.36:180][932]PIE:Warning: Warning Invalid Simulate Options: Body (balloonSpawner_C_1.Sphere) is set to simulate physics but Collision Enabled is incompatible
[2016.10.26-15.28.40:183][277]PIE:Warning: Warning Invalid Simulate Options: Body (balloonSpawner_C_2.Sphere) is set to simulate physics but Collision Enabled is incompatible
[2016.10.26-15.28.40:183][277]PIE:Warning: Warning Invalid Simulate Options: Body (balloonSpawner_C_2.Sphere) is set to simulate physics but Collision Enabled is incompatible
[2016.10.26-15.28.45:183][695]PIE:Warning: Warning Invalid Simulate Options: Body (balloonSpawner_C_3.Sphere) is set to simulate physics but Collision Enabled is incompatible
[2016.10.26-15.28.45:183][695]PIE:Warning: Warning Invalid Simulate Options: Body (balloonSpawner_C_3.Sphere) is set to simulate physics but Collision Enabled is incompatible
[2016.10.26-15.28.46:939][846]LogBlueprintUserMessages: Early EndPlayMap Detection: Level '/Game/FirstPersonBP/Maps/FirstPersonExampleMap.FirstPersonExampleMap:PersistentLevel' has LevelScriptBlueprint '/Game/FirstPersonBP/Maps/FirstPersonExampleMap.FirstPersonExampleMap:PersistentLevel.FirstPersonExampleMap' with GeneratedClass '/Game/FirstPersonBP/Maps/FirstPersonExampleMap.FirstPersonExampleMap_C' with ClassGeneratedBy '/Game/FirstPersonBP/Maps/FirstPersonExampleMap.FirstPersonExampleMap:PersistentLevel.FirstPersonExampleMap'
[2016.10.26-15.28.47:143][846]LogBlueprintUserMessages: Late EndPlayMap Detection: Level '/Game/FirstPersonBP/Maps/FirstPersonExampleMap.FirstPersonExampleMap:PersistentLevel' has LevelScriptBlueprint '/Game/FirstPersonBP/Maps/FirstPersonExampleMap.FirstPersonExampleMap:PersistentLevel.FirstPersonExampleMap' with GeneratedClass '/Game/FirstPersonBP/Maps/FirstPersonExampleMap.FirstPersonExampleMap_C' with ClassGeneratedBy '/Game/FirstPersonBP/Maps/FirstPersonExampleMap.FirstPersonExampleMap:PersistentLevel.FirstPersonExampleMap'
[2016.10.26-15.29.09:353][465]LogContentBrowser: Native class hierarchy updated for 'BlueprintGraph' in 0.0032 seconds. Added 111 classes and 0 folders.
[2016.10.26-15.29.11:173][465]PIE:Warning: Warning Invalid Simulate Options: Body (balloonSpawner_C_1.Sphere) is set to simulate physics but Collision Enabled is incompatible
[2016.10.26-15.29.11:173][465]PIE:Warning: Warning Invalid Simulate Options: Body (balloonSpawner_C_1.Sphere) is set to simulate physics but Collision Enabled is incompatible
[2016.10.26-15.29.55:956][368]BlueprintLog: New page: Compile balloonSpawner
[2016.10.26-15.29.56:376][368]BlueprintEditorCompileResults: Info [0170.00] Compile of balloonSpawner successful! [in 411 ms] (/Game/Blueprints/balloonSpawner.balloonSpawner)
[2016.10.26-15.29.58:993][550]LogBlueprintUserMessages: Early PlayInEditor Detection: Level '/Game/FirstPersonBP/Maps/FirstPersonExampleMap.FirstPersonExampleMap:PersistentLevel' has LevelScriptBlueprint '/Game/FirstPersonBP/Maps/FirstPersonExampleMap.FirstPersonExampleMap:PersistentLevel.FirstPersonExampleMap' with GeneratedClass '/Game/FirstPersonBP/Maps/FirstPersonExampleMap.FirstPersonExampleMap_C' with ClassGeneratedBy '/Game/FirstPersonBP/Maps/FirstPersonExampleMap.FirstPersonExampleMap:PersistentLevel.FirstPersonExampleMap'
[2016.10.26-15.29.58:996][550]LogPlayLevel: PlayLevel: No blueprints needed recompiling
[2016.10.26-15.29.58:996][550]PIE: New page: PIE session: FirstPersonExampleMap (26 Oct 2016 16:29:58)
[2016.10.26-15.29.58:996][550]LogPlayLevel: Creating play world package: /Game/FirstPersonBP/Maps/UEDPIE_0_FirstPersonExampleMap
[2016.10.26-15.29.59:019][550]LogPlayLevel: PIE: StaticDuplicateObject took: (0.023340s)
[2016.10.26-15.29.59:020][550]LogAIModule: Creating AISystem for world FirstPersonExampleMap
[2016.10.26-15.29.59:020][550]LogPlayLevel: PIE: World Init took: (0.001170s)
[2016.10.26-15.29.59:021][550]LogPlayLevel: PIE: Created PIE world by copying editor world from /Game/FirstPersonBP/Maps/FirstPersonExampleMap.FirstPersonExampleMap to /Game/FirstPersonBP/Maps/UEDPIE_0_FirstPersonExampleMap.FirstPersonExampleMap (0.024814s)
[2016.10.26-15.29.59:081][550]LogInit: XAudio2 using 'Speakers (Realtek High Definition Audio)' : 2 channels at 48 kHz using 32 bits per sample (channel mask 0x3)
[2016.10.26-15.29.59:089][550]LogInit: FAudioDevice initialized.
[2016.10.26-15.29.59:148][550]LogWorld: Game class is 'FirstPersonGameMode_C'
[2016.10.26-15.29.59:151][550]PIE:Warning: Warning AttachTo: '/Game/FirstPersonBP/Maps/UEDPIE_0_FirstPersonExampleMap.FirstPersonExampleMap:PersistentLevel.Floor_16.Floor_Blueprint' is not static , cannot attach '/Game/FirstPersonBP/Maps/UEDPIE_0_FirstPersonExampleMap.FirstPersonExampleMap:PersistentLevel.Floor_Blueprint_C_6.StaticMeshComponent0' which is static to it. Aborting.
[2016.10.26-15.29.59:153][550]LogWorld: Bringing World /Game/FirstPersonBP/Maps/UEDPIE_0_FirstPersonExampleMap.FirstPersonExampleMap up for play (max tick rate 0) at 2016.10.26-16.29.59
[2016.10.26-15.29.59:153][550]LogWorld: Bringing up level for play took: 0.004039
[2016.10.26-15.29.59:154][550]PIE: Info Play in editor start time for /Game/FirstPersonBP/Maps/UEDPIE_0_FirstPersonExampleMap 0.502
[2016.10.26-15.29.59:154][550]LogBlueprintUserMessages: Late PlayInEditor Detection: Level '/Game/FirstPersonBP/Maps/FirstPersonExampleMap.FirstPersonExampleMap:PersistentLevel' has LevelScriptBlueprint '/Game/FirstPersonBP/Maps/FirstPersonExampleMap.FirstPersonExampleMap:PersistentLevel.FirstPersonExampleMap' with GeneratedClass '/Game/FirstPersonBP/Maps/FirstPersonExampleMap.FirstPersonExampleMap_C' with ClassGeneratedBy '/Game/FirstPersonBP/Maps/FirstPersonExampleMap.FirstPersonExampleMap:PersistentLevel.FirstPersonExampleMap'
[2016.10.26-15.30.14:233][872]LogBlueprintUserMessages: Early EndPlayMap Detection: Level '/Game/FirstPersonBP/Maps/FirstPersonExampleMap.FirstPersonExampleMap:PersistentLevel' has LevelScriptBlueprint '/Game/FirstPersonBP/Maps/FirstPersonExampleMap.FirstPersonExampleMap:PersistentLevel.FirstPersonExampleMap' with GeneratedClass '/Game/FirstPersonBP/Maps/FirstPersonExampleMap.FirstPersonExampleMap_C' with ClassGeneratedBy '/Game/FirstPersonBP/Maps/FirstPersonExampleMap.FirstPersonExampleMap:PersistentLevel.FirstPersonExampleMap'
[2016.10.26-15.30.14:271][872]LogBlueprintUserMessages: Late EndPlayMap Detection: Level '/Game/FirstPersonBP/Maps/FirstPersonExampleMap.FirstPersonExampleMap:PersistentLevel' has LevelScriptBlueprint '/Game/FirstPersonBP/Maps/FirstPersonExampleMap.FirstPersonExampleMap:PersistentLevel.FirstPersonExampleMap' with GeneratedClass '/Game/FirstPersonBP/Maps/FirstPersonExampleMap.FirstPersonExampleMap_C' with ClassGeneratedBy '/Game/FirstPersonBP/Maps/FirstPersonExampleMap.FirstPersonExampleMap:PersistentLevel.FirstPersonExampleMap'
[2016.10.26-15.31.01:044][974]LogRenderer: Reallocating scene render targets to support 1208x900 (Frame:11673).
[2016.10.26-15.31.13:399][729]LogActorComponent: UnregisterComponent: (/Engine/Transient.EditorFloorComp) Not registered. Aborting.
[2016.10.26-15.31.20:870][277]MapCheck: New page: Map Check
[2016.10.26-15.31.21:045][277]Cmd: MAP REBUILD ALLVISIBLE
[2016.10.26-15.31.21:047][277]LogEditorServer: Rebuildmap Clear paths rebuilt
[2016.10.26-15.31.21:233][277]PIE:Warning: Warning AttachTo: '/Game/FirstPersonBP/Maps/FirstPersonExampleMap.FirstPersonExampleMap:PersistentLevel.Floor_16.Floor_Blueprint' is not static , cannot attach '/Game/FirstPersonBP/Maps/FirstPersonExampleMap.FirstPersonExampleMap:PersistentLevel.Floor_Blueprint_C_6.StaticMeshComponent0' which is static to it. Aborting.
[2016.10.26-15.31.21:304][277]LightingResults: New page: Lighting Build - 26 Oct 2016 16:31:21
[2016.10.26-15.31.21:976][277]LogSwarmInterface: [OpenConnection] Registering TCP channel ...
[2016.10.26-15.31.22:196][277]LogSwarmInterface: [OpenConnection] Connecting to agent ...
[2016.10.26-15.31.22:303][277]LogSwarmInterface: [TryOpenConnection] Testing the Agent
[2016.10.26-15.31.24:903][277]LogSwarmInterface:Error: [TryOpenConnection] Waiting for the agent to start up ...
[2016.10.26-15.31.24:998][277]LogSwarmInterface:Error: System.Net.Sockets.SocketException (0x80004005): No connection could be made because the target machine actively refused it 127.0.0.1:8008

Server stack trace: 
   at System.Net.Sockets.Socket.DoConnect(EndPoint endPointSnapshot, SocketAddress socketAddress)
   at System.Net.Sockets.Socket.Connect(EndPoint remoteEP)
   at System.Runtime.Remoting.Channels.RemoteConnection.CreateNewSocket(EndPoint ipEndPoint)
   at System.Runtime.Remoting.Channels.SocketCache.GetSocket(String machinePortAndSid, Boolean openNew)
   at System.Runtime.Remoting.Channels.Tcp.TcpClientTransportSink.SendRequestWithRetry(IMessage msg, ITransportHeaders requestHeaders, Stream requestStream)
   at System.Runtime.Remoting.Channels.Tcp.TcpClientTransportSink.AsyncProcessRequest(IClientChannelSinkStack sinkStack, IMessage msg, ITransportHeaders headers, Stream stream)
   at System.Runtime.Remoting.Channels.BinaryClientFormatterSink.AsyncProcessMessage(IMessage msg, IMessageSink replySink)

Exception rethrown at [0]: 
   at System.Runtime.Remoting.Proxies.RealProxy.HandleReturnMessage(IMessage reqMsg, IMessage retMsg)
   at System.Runtime.Remoting.Proxies.RealProxy.PrivateInvoke(MessageData& msgData, Int32 type)
   at NSwarm.IAgentInterfaceWrapper.MethodDelegate.EndInvoke(Hashtable& OutParameters, IAsyncResult result)
   at NSwarm.FSwarmInterface.TryOpenConnection(FConnectionCallback CallbackFunc, IntPtr CallbackData, ELogFlags LoggingFlags) in i:\Perforce2\UE4-Orion\Engine\Source\Editor\SwarmInterface\DotNET\SwarmInterface.cs:line 2811
[2016.10.26-15.31.30:176][277]LogSwarmInterface: [TryOpenConnection] Opening Connection to Agent
[2016.10.26-15.31.30:176][277]LogSwarmInterface: [TryOpenConnection] Local Process ID is 14372
[2016.10.26-15.31.34:948][277]LogStaticLightingSystem: Running Lightmass w/ ImmediateImport mode ENABLED
[2016.10.26-15.31.34:948][277]LogStaticLightingSystem: Running Lightmass w/ ImmediateProcess mode ENABLED
[2016.10.26-15.31.34:948][277]LogStaticLightingSystem: Running Lightmass w/ Sorting mode ENABLED
[2016.10.26-15.31.34:948][277]LogStaticLightingSystem: Running Lightmass w/ Mapping paddings ENABLED
[2016.10.26-15.31.34:948][277]LogStaticLightingSystem: Running Lightmass w/ Mapping debug paddings DISABLED
[2016.10.26-15.31.35:873][277]Cmd: MAP CHECK DONTDISPLAYDIALOG
[2016.10.26-15.31.35:874][277]MapCheck: New page: FirstPersonExampleMap - 26 Oct 2016 16:31:35
[2016.10.26-15.31.35:928][277]MapCheck:Error: Error WorldInfo_0 Maps need lighting rebuilt 
[2016.10.26-15.31.36:005][277]MapCheck: Info Map check complete: 1 Error(s), 0 Warning(s), took 131.942ms to complete.
[2016.10.26-15.31.36:026][277]LogEditorBuildUtils: Build time 0:15
[2016.10.26-15.31.59:077][820]LogEditorViewport: Clicking on Actor (LMB): Floor_Blueprint_C (Floor_Blueprint)
[2016.10.26-15.32.00:951][820]LogEditorViewport: Clicking on Actor (LMB): Floor_Blueprint_C (Floor_Blueprint6)
[2016.10.26-15.32.14:737][669]LogEditorViewport: Clicking on Actor (LMB): Floor_Blueprint_C (Floor_Blueprint6)
[2016.10.26-15.32.15:988][761]LogEditorViewport: Clicking on Actor (LMB): Floor_Blueprint_C (Floor_Blueprint6)
[2016.10.26-15.33.39:898][918]Job is a success!
[2016.10.26-15.33.46:286][919]LightingResults:Error: Error PointLight_1 Severe performance loss: Failed to allocate shadowmap channel for stationary light due to overlap - light will fall back to dynamic shadows!
[2016.10.26-15.33.50:199][919]LogTexture:Display: Building textures: HQ_Lightmap1_1 (AutoDXT)
[2016.10.26-15.33.50:199][919]LogTexture:Display: Building textures: LQ_Lightmap_1_1 (DXT1)
[2016.10.26-15.33.50:199][919]LogTexture:Display: Building textures: SkyOcclusion1_1 (AutoDXT)
[2016.10.26-15.33.50:199][919]LogTexture:Display: Building textures: SkyOcclusion1_2 (AutoDXT)
[2016.10.26-15.33.50:199][919]LogTexture:Display: Building textures: HQ_Lightmap1_2 (AutoDXT)
[2016.10.26-15.33.50:199][919]LogTexture:Display: Building textures: LQ_Lightmap_1_2 (DXT1)
[2016.10.26-15.33.50:199][919]LogTexture:Display: Building textures: SkyOcclusion0_3 (AutoDXT)
[2016.10.26-15.33.50:199][919]LogTexture:Display: Building textures: HQ_Lightmap0_3 (AutoDXT)
[2016.10.26-15.33.50:199][919]LogTexture:Display: Building textures: LQ_Lightmap_0_3 (DXT1)
[2016.10.26-15.33.50:199][919]LogTexture:Display: Building textures: SkyOcclusion0_4 (AutoDXT)
[2016.10.26-15.33.50:199][919]LogTexture:Display: Building textures: HQ_Lightmap0_4 (AutoDXT)
[2016.10.26-15.33.50:199][919]LogTexture:Display: Building textures: LQ_Lightmap_0_4 (DXT1)
[2016.10.26-15.33.50:199][919]LogTexture:Display: Building textures: SkyOcclusion0_5 (AutoDXT)
[2016.10.26-15.33.50:199][919]LogTexture:Display: Building textures: HQ_Lightmap0_5 (AutoDXT)
[2016.10.26-15.33.50:199][919]LogTexture:Display: Building textures: LQ_Lightmap_0_5 (DXT1)
[2016.10.26-15.33.53:190][919]LogTexture:Display: Building textures: ShadowMapTexture2D_0 (BGRA8)
[2016.10.26-15.33.53:190][919]LogTexture:Display: Building textures: ShadowMapTexture2D_1 (G8)
[2016.10.26-15.33.53:190][919]LogTexture:Display: Building textures: ShadowMapTexture2D_2 (BGRA8)
[2016.10.26-15.33.53:190][919]LogTexture:Display: Building textures: ShadowMapTexture2D_3 (BGRA8)
[2016.10.26-15.33.53:190][919]LogTexture:Display: Building textures: ShadowMapTexture2D_4 (BGRA8)
[2016.10.26-15.33.53:190][919]LogTexture:Display: Building textures: ShadowMapTexture2D_5 (BGRA8)
[2016.10.26-15.33.53:190][919]LogTexture:Display: Building textures: ShadowMapTexture2D_6 (BGRA8)
[2016.10.26-15.33.53:191][919]LogTexture:Display: Building textures: ShadowMapTexture2D_7 (BGRA8)
[2016.10.26-15.33.53:289][919]LogTexture:Display: Building textures: ShadowMapTexture2D_8 (G8)
[2016.10.26-15.33.54:872][919]Lightmass on OWENSPC: 2:15 min total, 258 ms importing, 36 ms setup, 17.5 sec photons, 1:56 min processing, 0 ms extra exporting [9/9 mappings]. Threads: 13:38 min total, 8:26 min processing.
[2016.10.26-15.33.55:474][919]LogStaticLightingSystem: Illumination: 2:33 min (3.89 sec encoding lightmaps, 3.08 sec encoding shadowmaps)
[2016.10.26-15.33.55:474][919]LogStaticLightingSystem: Lightmap texture memory:  42.7 MB (42.7 MB streaming, 0.0 MB non-streaming), 10 textures
[2016.10.26-15.33.55:474][919]LogStaticLightingSystem: Shadowmap texture memory: 77.3 MB (77.3 MB streaming, 0.0 MB non-streaming), 9 textures
[2016.10.26-15.33.56:045][920]Cmd: MAP CHECK NOTIFYRESULTS
[2016.10.26-15.33.56:045][920]MapCheck: New page: FirstPersonExampleMap - 26 Oct 2016 16:33:56
[2016.10.26-15.34.08:645][920]MapCheck: Info Map check complete: 0 Error(s), 0 Warning(s), took 12,600.284ms to complete.
[2016.10.26-15.34.11:338][167]LogBlueprintUserMessages: Early PlayInEditor Detection: Level '/Game/FirstPersonBP/Maps/FirstPersonExampleMap.FirstPersonExampleMap:PersistentLevel' has LevelScriptBlueprint '/Game/FirstPersonBP/Maps/FirstPersonExampleMap.FirstPersonExampleMap:PersistentLevel.FirstPersonExampleMap' with GeneratedClass '/Game/FirstPersonBP/Maps/FirstPersonExampleMap.FirstPersonExampleMap_C' with ClassGeneratedBy '/Game/FirstPersonBP/Maps/FirstPersonExampleMap.FirstPersonExampleMap:PersistentLevel.FirstPersonExampleMap'
[2016.10.26-15.34.11:338][167]LogPlayLevel: PlayLevel: No blueprints needed recompiling
[2016.10.26-15.34.11:339][167]PIE: New page: PIE session: FirstPersonExampleMap (26 Oct 2016 16:34:11)
[2016.10.26-15.34.11:339][167]LogPlayLevel: Creating play world package: /Game/FirstPersonBP/Maps/UEDPIE_0_FirstPersonExampleMap
[2016.10.26-15.34.11:490][167]LogPlayLevel: PIE: StaticDuplicateObject took: (0.151093s)
[2016.10.26-15.34.11:493][167]LogAIModule: Creating AISystem for world FirstPersonExampleMap
[2016.10.26-15.34.11:493][167]LogPlayLevel: PIE: World Init took: (0.002693s)
[2016.10.26-15.34.11:493][167]LogPlayLevel: PIE: Created PIE world by copying editor world from /Game/FirstPersonBP/Maps/FirstPersonExampleMap.FirstPersonExampleMap to /Game/FirstPersonBP/Maps/UEDPIE_0_FirstPersonExampleMap.FirstPersonExampleMap (0.154416s)
[2016.10.26-15.34.11:737][167]LogInit: XAudio2 using 'Speakers (Realtek High Definition Audio)' : 2 channels at 48 kHz using 32 bits per sample (channel mask 0x3)
[2016.10.26-15.34.12:441][167]LogInit: FAudioDevice initialized.
[2016.10.26-15.34.12:547][167]LogWorld: Game class is 'FirstPersonGameMode_C'
[2016.10.26-15.34.12:550][167]PIE:Warning: Warning AttachTo: '/Game/FirstPersonBP/Maps/UEDPIE_0_FirstPersonExampleMap.FirstPersonExampleMap:PersistentLevel.Floor_16.Floor_Blueprint' is not static , cannot attach '/Game/FirstPersonBP/Maps/UEDPIE_0_FirstPersonExampleMap.FirstPersonExampleMap:PersistentLevel.Floor_Blueprint_C_6.StaticMeshComponent0' which is static to it. Aborting.
[2016.10.26-15.34.12:552][167]LogWorld: Bringing World /Game/FirstPersonBP/Maps/UEDPIE_0_FirstPersonExampleMap.FirstPersonExampleMap up for play (max tick rate 0) at 2016.10.26-16.34.12
[2016.10.26-15.34.12:552][167]LogWorld: Bringing up level for play took: 0.004346
[2016.10.26-15.34.12:553][167]PIE: Info Play in editor start time for /Game/FirstPersonBP/Maps/UEDPIE_0_FirstPersonExampleMap 1.901
[2016.10.26-15.34.12:553][167]LogBlueprintUserMessages: Late PlayInEditor Detection: Level '/Game/FirstPersonBP/Maps/FirstPersonExampleMap.FirstPersonExampleMap:PersistentLevel' has LevelScriptBlueprint '/Game/FirstPersonBP/Maps/FirstPersonExampleMap.FirstPersonExampleMap:PersistentLevel.FirstPersonExampleMap' with GeneratedClass '/Game/FirstPersonBP/Maps/FirstPersonExampleMap.FirstPersonExampleMap_C' with ClassGeneratedBy '/Game/FirstPersonBP/Maps/FirstPersonExampleMap.FirstPersonExampleMap:PersistentLevel.FirstPersonExampleMap'
[2016.10.26-15.34.15:552][490]LogBlueprintUserMessages: Early EndPlayMap Detection: Level '/Game/FirstPersonBP/Maps/FirstPersonExampleMap.FirstPersonExampleMap:PersistentLevel' has LevelScriptBlueprint '/Game/FirstPersonBP/Maps/FirstPersonExampleMap.FirstPersonExampleMap:PersistentLevel.FirstPersonExampleMap' with GeneratedClass '/Game/FirstPersonBP/Maps/FirstPersonExampleMap.FirstPersonExampleMap_C' with ClassGeneratedBy '/Game/FirstPersonBP/Maps/FirstPersonExampleMap.FirstPersonExampleMap:PersistentLevel.FirstPersonExampleMap'
[2016.10.26-15.34.15:608][490]LogBlueprintUserMessages: Late EndPlayMap Detection: Level '/Game/FirstPersonBP/Maps/FirstPersonExampleMap.FirstPersonExampleMap:PersistentLevel' has LevelScriptBlueprint '/Game/FirstPersonBP/Maps/FirstPersonExampleMap.FirstPersonExampleMap:PersistentLevel.FirstPersonExampleMap' with GeneratedClass '/Game/FirstPersonBP/Maps/FirstPersonExampleMap.FirstPersonExampleMap_C' with ClassGeneratedBy '/Game/FirstPersonBP/Maps/FirstPersonExampleMap.FirstPersonExampleMap:PersistentLevel.FirstPersonExampleMap'
[2016.10.26-15.35.02:207][401]LogText:Warning: Failed to parse argument "GameModeName" as a number (using "0" as a fallback). Please check your format string for errors: "GameMode: Edit {GameModeName}".
[2016.10.26-15.35.02:207][401]LogText:Warning: Failed to parse argument "GameModeName" as a number (using "0" as a fallback). Please check your format string for errors: "GameMode: Edit {GameModeName}".
[2016.10.26-15.35.08:612][879]LogSlate:Warning: Prevented a slow task dialog from being summoned while a context menu was open
[2016.10.26-15.35.20:807][978]LogText:Warning: Failed to parse argument "GameModeName" as a number (using "0" as a fallback). Please check your format string for errors: "GameMode: Edit {GameModeName}".
[2016.10.26-15.35.20:807][978]LogText:Warning: Failed to parse argument "GameModeName" as a number (using "0" as a fallback). Please check your format string for errors: "GameMode: Edit {GameModeName}".
[2016.10.26-15.36.11:159][678]Cmd: OBJ SAVEPACKAGE PACKAGE="/Game/Blueprints/balloonSpawner" FILE="../../../../../../Users/Owen/Desktop/balon/Content/Blueprints/balloonSpawner.uasset" SILENT=true
[2016.10.26-15.36.11:461][678]LogSavePackage: Save=193.12ms
[2016.10.26-15.36.11:461][678]LogSavePackage: Moving '../../../../../../Users/Owen/Desktop/balon/Saved/balloonSpawnerB8489DA64AF79AA59BA1E783058996DC.tmp' to '../../../../../../Users/Owen/Desktop/balon/Content/Blueprints/balloonSpawner.uasset'
[2016.10.26-15.36.11:479][678]LogSavePackage:Display: Finished SavePackage ../../../../../../Users/Owen/Desktop/balon/Content/Blueprints/balloonSpawner.uasset
[2016.10.26-15.36.13:501][678]LogSavePackage: Save=1527.47ms
[2016.10.26-15.36.13:501][678]LogSavePackage: Moving '../../../../../../Users/Owen/Desktop/balon/Saved/FirstPersonExampleMapF71CBA7B4B9C58C855E1419D9465CA3D.tmp' to '../../../../../../Users/Owen/Desktop/balon/Content/FirstPersonBP/Maps/FirstPersonExampleMap.umap'
[2016.10.26-15.36.13:597][678]LogSavePackage:Display: Finished SavePackage ../../../../../../Users/Owen/Desktop/balon/Content/FirstPersonBP/Maps/FirstPersonExampleMap.umap
[2016.10.26-15.36.13:669][678]LogFileHelpers: Saving map 'FirstPersonExampleMap' took 2.184
[2016.10.26-15.36.14:465][679]Cmd: QUIT_EDITOR
[2016.10.26-15.36.16:675][679]LogWindowsTextInputMethodSystem:Display: IME system now deactivated.
[2016.10.26-15.36.16:849][679]LogExit: Preparing to exit.
[2016.10.26-15.36.18:406][679]LogExit: Editor shut down
[2016.10.26-15.36.18:407][679]LogExit: Transaction tracking system shut down
[2016.10.26-15.36.20:331][679]LogObj: Freed 0b from 0 cluster array pools.
[2016.10.26-15.36.20:331][679]LogExit: Object subsystem successfully closed.
[2016.10.26-15.36.20:658][679]LogD3D11RHI: Shutdown
[2016.10.26-15.36.20:660][679]LogD3D11RHI: CleanupD3DDevice
[2016.10.26-15.36.21:173][679]LogD3D11RHI: ~FD3D11DynamicRHI
[2016.10.26-15.36.22:917][679]LogModuleManager: Shutting down and abandoning module HierarchicalLODUtilities (216)
[2016.10.26-15.36.22:931][679]LogModuleManager: Shutting down and abandoning module BlueprintGraph (215)
[2016.10.26-15.36.22:954][679]LogModuleManager: Shutting down and abandoning module MovieSceneCapture (214)
[2016.10.26-15.36.22:954][679]LogModuleManager: Shutting down and abandoning module HierarchicalLODOutliner (213)
[2016.10.26-15.36.22:981][679]LogModuleManager: Shutting down and abandoning module CrashTracker (212)
[2016.10.26-15.36.22:981][679]LogModuleManager: Shutting down and abandoning module SceneOutliner (211)
[2016.10.26-15.36.22:981][679]LogModuleManager: Shutting down and abandoning module WidgetCarousel (210)
[2016.10.26-15.36.23:002][679]LogModuleManager: Shutting down and abandoning module AddContentDialog (209)
[2016.10.26-15.36.23:075][679]LogModuleManager: Shutting down and abandoning module GameplayTags (208)
[2016.10.26-15.36.23:075][679]LogModuleManager: Shutting down and abandoning module EditorWidgets (207)
[2016.10.26-15.36.23:075][679]LogModuleManager: Shutting down and abandoning module CollectionManager (206)
[2016.10.26-15.36.23:103][679]LogModuleManager: Shutting down and abandoning module StatsViewer (205)
[2016.10.26-15.36.23:134][679]LogModuleManager: Shutting down and abandoning module FoliageEdit (204)
[2016.10.26-15.36.23:163][679]LogModuleManager: Shutting down and abandoning module LandscapeEditor (203)
[2016.10.26-15.36.23:196][679]LogModuleManager: Shutting down and abandoning module SceneDepthPickerMode (202)
[2016.10.26-15.36.23:196][679]LogModuleManager: Shutting down and abandoning module ActorPickerMode (201)
[2016.10.26-15.36.23:196][679]LogModuleManager: Shutting down and abandoning module GeometryMode (200)
[2016.10.26-15.36.23:196][679]LogModuleManager: Shutting down and abandoning module TextureAlignMode (199)
[2016.10.26-15.36.23:196][679]LogModuleManager: Shutting down and abandoning module BspMode (198)
[2016.10.26-15.36.23:210][679]LogModuleManager: Shutting down and abandoning module HardwareSurvey (197)
[2016.10.26-15.36.23:219][679]LogModuleManager: Shutting down and abandoning module SequenceRecorderSections (196)
[2016.10.26-15.36.23:219][679]LogModuleManager: Shutting down and abandoning module SequenceRecorder (195)
[2016.10.26-15.36.23:234][679]LogModuleManager: Shutting down and abandoning module AutomationWorker (194)
[2016.10.26-15.36.23:234][679]LogModuleManager: Shutting down and abandoning module MatineeToLevelSequence (193)
[2016.10.26-15.36.23:242][679]LogModuleManager: Shutting down and abandoning module PlacementMode (192)
[2016.10.26-15.36.23:273][679]LogModuleManager: Shutting down and abandoning module LevelSequenceEditor (191)
[2016.10.26-15.36.23:376][679]LogModuleManager: Shutting down and abandoning module CharacterAI (190)
[2016.10.26-15.36.23:376][679]LogModuleManager: Shutting down and abandoning module SmartSnapping (189)
[2016.10.26-15.36.23:376][679]LogModuleManager: Shutting down and abandoning module SessionServices (188)
[2016.10.26-15.36.23:376][679]LogModuleManager: Shutting down and abandoning module ViewportSnapping (187)
[2016.10.26-15.36.23:376][679]LogModuleManager: Shutting down and abandoning module LogVisualizer (186)
[2016.10.26-15.36.23:412][679]LogModuleManager: Shutting down and abandoning module GameProjectGeneration (185)
[2016.10.26-15.36.23:467][679]LogModuleManager: Shutting down and abandoning module IntroTutorials (184)
[2016.10.26-15.36.23:489][679]LogModuleManager: Shutting down and abandoning module EditorLiveStreaming (183)
[2016.10.26-15.36.23:489][679]LogModuleManager: Shutting down and abandoning module IOSPlatformEditor (182)
[2016.10.26-15.36.23:504][679]LogModuleManager: Shutting down and abandoning module HTML5PlatformEditor (181)
[2016.10.26-15.36.23:504][679]LogModuleManager: Shutting down and abandoning module AndroidDeviceDetection (180)
[2016.10.26-15.36.23:958][679]LogModuleManager: Shutting down and abandoning module AndroidPlatformEditor (179)
[2016.10.26-15.36.23:978][679]LogModuleManager: Shutting down and abandoning module IOSRuntimeSettings (178)
[2016.10.26-15.36.23:978][679]LogModuleManager: Shutting down and abandoning module AndroidRuntimeSettings (177)
[2016.10.26-15.36.23:978][679]LogModuleManager: Shutting down and abandoning module MergeActors (176)
[2016.10.26-15.36.24:040][679]LogModuleManager: Shutting down and abandoning module SizeMap (175)
[2016.10.26-15.36.24:040][679]LogModuleManager: Shutting down and abandoning module TreeMap (174)
[2016.10.26-15.36.24:063][679]LogModuleManager: Shutting down and abandoning module ReferenceViewer (173)
[2016.10.26-15.36.24:094][679]LogModuleManager: Shutting down and abandoning module LocalizationService (172)
[2016.10.26-15.36.24:104][679]LogModuleManager: Shutting down and abandoning module LocalizationDashboard (171)
[2016.10.26-15.36.24:156][679]LogModuleManager: Shutting down and abandoning module HardwareTargeting (170)
[2016.10.26-15.36.24:174][679]LogModuleManager: Shutting down and abandoning module DeviceProfileEditor (169)
[2016.10.26-15.36.24:203][679]LogModuleManager: Shutting down and abandoning module UndoHistory (168)
[2016.10.26-15.36.24:226][679]LogModuleManager: Shutting down and abandoning module UserFeedback (167)
[2016.10.26-15.36.24:226][679]LogModuleManager: Shutting down and abandoning module XmlParser (166)
[2016.10.26-15.36.24:284][679]LogModuleManager: Shutting down and abandoning module Blutility (165)
[2016.10.26-15.36.24:313][679]LogModuleManager: Shutting down and abandoning module ProjectTargetPlatformEditor (164)
[2016.10.26-15.36.24:339][679]LogModuleManager: Shutting down and abandoning module ProjectSettingsViewer (163)
[2016.10.26-15.36.24:339][679]LogModuleManager: Shutting down and abandoning module InputBindingEditor (162)
[2016.10.26-15.36.24:398][679]LogModuleManager: Shutting down and abandoning module EditorSettingsViewer (161)
[2016.10.26-15.36.24:398][679]LogModuleManager: Shutting down and abandoning module SettingsEditor (160)
[2016.10.26-15.36.24:459][679]LogModuleManager: Shutting down and abandoning module ProjectLauncher (159)
[2016.10.26-15.36.24:499][679]LogModuleManager: Shutting down and abandoning module SessionFrontend (158)
[2016.10.26-15.36.24:553][679]LogModuleManager: Shutting down and abandoning module ProfilerClient (157)
[2016.10.26-15.36.24:570][679]LogModuleManager: Shutting down and abandoning module TargetDeviceServices (156)
[2016.10.26-15.36.24:570][679]LogModuleManager: Shutting down and abandoning module DeviceManager (155)
[2016.10.26-15.36.24:624][679]LogModuleManager: Shutting down and abandoning module AutomationController (154)
[2016.10.26-15.36.24:652][679]LogModuleManager: Shutting down and abandoning module AutomationWindow (153)
[2016.10.26-15.36.24:695][679]LogModuleManager: Shutting down and abandoning module Layers (152)
[2016.10.26-15.36.24:750][679]LogModuleManager: Shutting down and abandoning module ComponentVisualizers (151)
[2016.10.26-15.36.24:750][679]LogModuleManager: Shutting down and abandoning module DetailCustomizations (150)
[2016.10.26-15.36.24:788][679]LogModuleManager: Shutting down and abandoning module PackagesDialog (149)
[2016.10.26-15.36.24:789][679]LogModuleManager: Shutting down and abandoning module Persona (148)
[2016.10.26-15.36.24:915][679]LogModuleManager: Shutting down and abandoning module Kismet (147)
[2016.10.26-15.36.24:922][679]LogModuleManager: Shutting down and abandoning module GraphEditor (146)
[2016.10.26-15.36.24:922][679]LogModuleManager: Shutting down and abandoning module ClassViewer (145)
[2016.10.26-15.36.24:954][679]LogModuleManager: Shutting down and abandoning module Toolbox (144)
[2016.10.26-15.36.24:984][679]LogModuleManager: Shutting down and abandoning module ModuleUI (143)
[2016.10.26-15.36.25:013][679]LogModuleManager: Shutting down and abandoning module MovieSceneTools (142)
[2016.10.26-15.36.25:083][679]LogModuleManager: Shutting down and abandoning module OutputLog (141)
[2016.10.26-15.36.25:116][679]LogModuleManager: Shutting down and abandoning module GammaUI (140)
[2016.10.26-15.36.25:137][679]LogModuleManager: Shutting down and abandoning module Documentation (139)
[2016.10.26-15.36.25:137][679]LogModuleManager: Shutting down and abandoning module StreamingPauseRendering (138)
[2016.10.26-15.36.25:137][679]LogModuleManager: Shutting down and abandoning module AnalyticsET (137)
[2016.10.26-15.36.25:137][679]LogModuleManager: Shutting down and abandoning module Analytics (136)
[2016.10.26-15.36.25:137][679]LogModuleManager: Shutting down and abandoning module PortalServices (135)
[2016.10.26-15.36.25:137][679]LogModuleManager: Shutting down and abandoning module PortalRpc (134)
[2016.10.26-15.36.25:137][679]LogModuleManager: Shutting down and abandoning module MessagingRpc (133)
[2016.10.26-15.36.25:137][679]LogModuleManager: Shutting down and abandoning module GameplayDebugger (132)
[2016.10.26-15.36.25:159][679]LogModuleManager: Shutting down and abandoning module AITestSuite (131)
[2016.10.26-15.36.25:220][679]LogModuleManager: Shutting down and abandoning module AIModule (130)
[2016.10.26-15.36.25:220][679]LogModuleManager: Shutting down and abandoning module ProfilerService (129)
[2016.10.26-15.36.25:449][679]LogModuleManager: Shutting down and abandoning module TaskGraph (128)
[2016.10.26-15.36.25:487][679]LogModuleManager: Shutting down and abandoning module SlateRemote (127)
[2016.10.26-15.36.25:487][679]LogModuleManager: Shutting down and abandoning module SteamVRController (126)
[2016.10.26-15.36.25:487][679]LogModuleManager: Shutting down and abandoning module SteamVR (125)
[2016.10.26-15.36.25:487][679]LogModuleManager: Shutting down and abandoning module ProceduralMeshComponent (124)
[2016.10.26-15.36.25:487][679]LogModuleManager: Shutting down and abandoning module OculusLibrary (123)
[2016.10.26-15.36.25:487][679]LogModuleManager: Shutting down and abandoning module OculusInput (122)
[2016.10.26-15.36.25:487][679]LogModuleManager: Shutting down and abandoning module CustomMeshComponent (121)
[2016.10.26-15.36.25:487][679]LogModuleManager: Shutting down and abandoning module CableComponent (120)
[2016.10.26-15.36.25:488][679]LogModuleManager: Shutting down and abandoning module ArchVisCharacter (119)
[2016.10.26-15.36.25:488][679]LogModuleManager: Shutting down and abandoning module MediaPlayerEditor (118)
[2016.10.26-15.36.25:601][679]LogModuleManager: Shutting down and abandoning module HTML5Networking (117)
[2016.10.26-15.36.25:601][679]LogModuleManager: Shutting down and abandoning module SuperSearch (116)
[2016.10.26-15.36.25:601][679]LogModuleManager: Shutting down and abandoning module SuperSearchEditor (115)
[2016.10.26-15.36.25:601][679]LogModuleManager: Shutting down and abandoning module SpeedTreeImporter (114)
[2016.10.26-15.36.25:601][679]LogModuleManager: Shutting down and abandoning module PluginBrowser (113)
[2016.10.26-15.36.25:753][679]LogModuleManager: Shutting down and abandoning module EpicSurvey (112)
[2016.10.26-15.36.25:753][679]LogModuleManager: Shutting down and abandoning module DesktopPlatform (111)
[2016.10.26-15.36.25:784][679]LogModuleManager: Shutting down and abandoning module VisualStudioSourceCodeAccess (110)
[2016.10.26-15.36.25:798][679]LogModuleManager: Shutting down and abandoning module UObjectPlugin (109)
[2016.10.26-15.36.25:798][679]LogModuleManager: Shutting down and abandoning module SubversionSourceControl (108)
[2016.10.26-15.36.25:819][679]LogModuleManager: Shutting down and abandoning module PerforceSourceControl (107)
[2016.10.26-15.36.25:836][679]LogModuleManager: Shutting down and abandoning module SourceControl (106)
[2016.10.26-15.36.25:890][679]LogModuleManager: Shutting down and abandoning module GitSourceControl (105)
[2016.10.26-15.36.25:917][679]LogModuleManager: Shutting down and abandoning module LightPropagationVolumeEditor (104)
[2016.10.26-15.36.25:917][679]LogModuleManager: Shutting down and abandoning module PaperTiledImporter (103)
[2016.10.26-15.36.25:941][679]LogModuleManager: Shutting down and abandoning module PaperSpriteSheetImporter (102)
[2016.10.26-15.36.25:941][679]LogModuleManager: Shutting down and abandoning module MeshPaint (101)
[2016.10.26-15.36.25:950][679]LogModuleManager: Shutting down and abandoning module PixelInspectorModule (100)
[2016.10.26-15.36.26:003][679]LogModuleManager: Shutting down and abandoning module HotReload (99)
[2016.10.26-15.36.26:059][679]LogModuleManager: Shutting down and abandoning module MainFrame (98)
[2016.10.26-15.36.26:067][679]LogModuleManager: Shutting down and abandoning module LevelEditor (97)
[2016.10.26-15.36.26:089][679]LogModuleManager: Shutting down and abandoning module ContentBrowser (96)
[2016.10.26-15.36.26:091][679]LogModuleManager: Shutting down and abandoning module Paper2DEditor (95)
[2016.10.26-15.36.26:160][679]LogModuleManager: Shutting down and abandoning module UdpMessaging (94)
[2016.10.26-15.36.26:261][679]LogModuleManager: Shutting down and abandoning module LightPropagationVolumeRuntime (93)
[2016.10.26-15.36.26:261][679]LogModuleManager: Shutting down and abandoning module Paper2D (92)
[2016.10.26-15.36.26:297][679]LogModuleManager: Shutting down and abandoning module WindowsMoviePlayer (91)
[2016.10.26-15.36.26:298][679]LogModuleManager: Shutting down and abandoning module Media (90)
[2016.10.26-15.36.26:298][679]LogModuleManager: Shutting down and abandoning module WmfMedia (89)
[2016.10.26-15.36.26:329][679]LogModuleManager: Shutting down and abandoning module MediaAssets (88)
[2016.10.26-15.36.26:330][679]LogModuleManager: Shutting down and abandoning module GameLiveStreaming (87)
[2016.10.26-15.36.26:337][679]LogModuleManager: Shutting down and abandoning module GameplayTagsEditor (86)
[2016.10.26-15.36.26:337][679]LogModuleManager: Shutting down and abandoning module OnlineBlueprintSupport (85)
[2016.10.26-15.36.26:337][679]LogModuleManager: Shutting down and abandoning module VREditor (84)
[2016.10.26-15.36.26:363][679]LogModuleManager: Shutting down and abandoning module GameplayTasksEditor (83)
[2016.10.26-15.36.26:363][679]LogModuleManager: Shutting down and abandoning module PropertyEditor (82)
[2016.10.26-15.36.26:363][679]LogModuleManager: Shutting down and abandoning module BehaviorTreeEditor (81)
[2016.10.26-15.36.26:442][679]LogModuleManager: Shutting down and abandoning module FunctionalTesting (80)
[2016.10.26-15.36.26:442][679]LogModuleManager: Shutting down and abandoning module CollisionAnalyzer (79)
[2016.10.26-15.36.26:483][679]LogModuleManager: Shutting down and abandoning module Sequencer (78)
[2016.10.26-15.36.26:556][679]LogModuleManager: Shutting down and abandoning module WorkspaceMenuStructure (77)
[2016.10.26-15.36.26:556][679]LogModuleManager: Shutting down and abandoning module MessageLog (76)
[2016.10.26-15.36.26:556][679]LogModuleManager: Shutting down and abandoning module AssetTools (75)
[2016.10.26-15.36.26:639][679]LogModuleManager: Shutting down and abandoning module UMGEditor (74)
[2016.10.26-15.36.26:813][679]LogModuleManager: Shutting down and abandoning module UMG (73)
[2016.10.26-15.36.26:886][679]LogModuleManager: Shutting down and abandoning module SlateReflector (72)
[2016.10.26-15.36.26:930][679]LogModuleManager: Shutting down and abandoning module Slate (71)
[2016.10.26-15.36.26:930][679]LogModuleManager: Shutting down and abandoning module EditorStyle (70)
[2016.10.26-15.36.26:980][679]LogModuleManager: Shutting down and abandoning module SourceCodeAccess (69)
[2016.10.26-15.36.26:980][679]LogModuleManager: Shutting down and abandoning module HeadMountedDisplay (68)
[2016.10.26-15.36.26:980][679]LogModuleManager: Shutting down and abandoning module XAudio2 (67)
[2016.10.26-15.36.26:980][679]LogModuleManager: Shutting down and abandoning module Networking (65)
[2016.10.26-15.36.26:980][679]LogModuleManager: Shutting down and abandoning module Core (64)
[2016.10.26-15.36.26:980][679]LogModuleManager: Shutting down and abandoning module DirectoryWatcher (63)
[2016.10.26-15.36.26:982][679]LogModuleManager: Shutting down and abandoning module AssetRegistry (62)
[2016.10.26-15.36.27:524][679]LogModuleManager: Shutting down and abandoning module KismetCompiler (61)
[2016.10.26-15.36.27:524][679]LogModuleManager: Shutting down and abandoning module PhysXFormats (60)
[2016.10.26-15.36.27:524][679]LogModuleManager: Shutting down and abandoning module MeshUtilities (59)
[2016.10.26-15.36.27:584][679]LogModuleManager: Shutting down and abandoning module DerivedDataCache (58)
[2016.10.26-15.36.27:619][679]LogDerivedDataCache: Shutdown
[2016.10.26-15.36.27:619][679]LogModuleManager: Shutting down and abandoning module VulkanShaderFormat (57)
[2016.10.26-15.36.27:636][679]LogModuleManager: Shutting down and abandoning module ShaderFormatOpenGL (56)
[2016.10.26-15.36.27:675][679]LogModuleManager: Shutting down and abandoning module ShaderFormatD3D (55)
[2016.10.26-15.36.27:699][679]LogModuleManager: Shutting down and abandoning module MetalShaderFormat (54)
[2016.10.26-15.36.27:733][679]LogModuleManager: Shutting down and abandoning module TextureFormatUncompressed (53)
[2016.10.26-15.36.27:733][679]LogModuleManager: Shutting down and abandoning module TextureFormatPVR (52)
[2016.10.26-15.36.27:749][679]LogModuleManager: Shutting down and abandoning module TextureFormatIntelISPCTexComp (51)
[2016.10.26-15.36.27:783][679]LogModuleManager: Shutting down and abandoning module TextureFormatDXT (50)
[2016.10.26-15.36.27:783][679]LogModuleManager: Shutting down and abandoning module ImageWrapper (49)
[2016.10.26-15.36.27:783][679]LogModuleManager: Shutting down and abandoning module TextureFormatASTC (48)
[2016.10.26-15.36.27:783][679]LogModuleManager: Shutting down and abandoning module TextureFormatAndroid (47)
[2016.10.26-15.36.27:783][679]LogModuleManager: Shutting down and abandoning module AudioFormatOpus (46)
[2016.10.26-15.36.27:810][679]LogModuleManager: Shutting down and abandoning module AudioFormatOgg (45)
[2016.10.26-15.36.27:830][679]LogModuleManager: Shutting down and abandoning module AudioFormatADPCM (44)
[2016.10.26-15.36.27:874][679]LogModuleManager: Shutting down and abandoning module LinuxTargetPlatform (43)
[2016.10.26-15.36.27:874][679]LogModuleManager: Shutting down and abandoning module LinuxServerTargetPlatform (42)
[2016.10.26-15.36.27:909][679]LogModuleManager: Shutting down and abandoning module LinuxNoEditorTargetPlatform (41)
[2016.10.26-15.36.27:930][679]LogModuleManager: Shutting down and abandoning module TVOSTargetPlatform (40)
[2016.10.26-15.36.27:930][679]LogModuleManager: Shutting down and abandoning module Messaging (39)
[2016.10.26-15.36.27:931][679]LogModuleManager: Shutting down and abandoning module IOSTargetPlatform (38)
[2016.10.26-15.36.27:931][679]LogModuleManager: Shutting down and abandoning module HTML5TargetPlatform (37)
[2016.10.26-15.36.27:931][679]LogModuleManager: Shutting down and abandoning module Android_PVRTCTargetPlatform (36)
[2016.10.26-15.36.27:931][679]LogModuleManager: Shutting down and abandoning module Android_MultiTargetPlatform (35)
[2016.10.26-15.36.27:972][679]LogModuleManager: Shutting down and abandoning module Android_ETC2TargetPlatform (34)
[2016.10.26-15.36.27:972][679]LogModuleManager: Shutting down and abandoning module Android_ETC1TargetPlatform (33)
[2016.10.26-15.36.27:972][679]LogModuleManager: Shutting down and abandoning module Android_DXTTargetPlatform (32)
[2016.10.26-15.36.27:972][679]LogModuleManager: Shutting down and abandoning module Android_ATCTargetPlatform (31)
[2016.10.26-15.36.27:972][679]LogModuleManager: Shutting down and abandoning module Android_ASTCTargetPlatform (30)
[2016.10.26-15.36.27:972][679]LogModuleManager: Shutting down and abandoning module AndroidTargetPlatform (29)
[2016.10.26-15.36.27:972][679]LogModuleManager: Shutting down and abandoning module WindowsTargetPlatform (28)
[2016.10.26-15.36.27:972][679]LogModuleManager: Shutting down and abandoning module WindowsServerTargetPlatform (27)
[2016.10.26-15.36.28:030][679]LogModuleManager: Shutting down and abandoning module WindowsNoEditorTargetPlatform (26)
[2016.10.26-15.36.28:091][679]LogModuleManager: Shutting down and abandoning module WindowsClientTargetPlatform (25)
[2016.10.26-15.36.28:126][679]LogModuleManager: Shutting down and abandoning module AllDesktopTargetPlatform (24)
[2016.10.26-15.36.28:126][679]LogModuleManager: Shutting down and abandoning module TargetPlatform (23)
[2016.10.26-15.36.28:142][679]LogModuleManager: Shutting down and abandoning module InputCore (22)
[2016.10.26-15.36.28:142][679]LogModuleManager: Shutting down and abandoning module Settings (21)
[2016.10.26-15.36.28:142][679]LogModuleManager: Shutting down and abandoning module OnlineSubsystem (19)
[2016.10.26-15.36.28:189][679]LogModuleManager: Shutting down and abandoning module HTTP (18)
[2016.10.26-15.36.29:694][679]LogModuleManager: Shutting down and abandoning module XMPP (17)
[2016.10.26-15.36.29:725][679]LogModuleManager: Shutting down and abandoning module OculusRift (16)
[2016.10.26-15.36.29:754][679]LogModuleManager: Shutting down and abandoning module ExampleDeviceProfileSelector (15)
[2016.10.26-15.36.29:754][679]LogModuleManager: Shutting down and abandoning module TextureCompressor (14)
[2016.10.26-15.36.29:802][679]LogModuleManager: Shutting down and abandoning module ShaderCore (13)
[2016.10.26-15.36.29:802][679]LogModuleManager: Shutting down and abandoning module Landscape (12)
[2016.10.26-15.36.29:802][679]LogModuleManager: Shutting down and abandoning module SlateRHIRenderer (11)
[2016.10.26-15.36.29:905][679]LogModuleManager: Shutting down and abandoning module OpenGLDrv (10)
[2016.10.26-15.36.29:956][679]LogModuleManager: Shutting down and abandoning module D3D11RHI (9)
[2016.10.26-15.36.29:956][679]LogModuleManager: Shutting down and abandoning module AnimGraphRuntime (8)
[2016.10.26-15.36.29:956][679]LogModuleManager: Shutting down and abandoning module Renderer (7)
[2016.10.26-15.36.29:956][679]LogModuleManager: Shutting down and abandoning module Engine (6)
[2016.10.26-15.36.29:956][679]LogModuleManager: Shutting down and abandoning module CoreUObject (5)
[2016.10.26-15.36.29:956][679]LogModuleManager: Shutting down and abandoning module NetworkFile (4)
[2016.10.26-15.36.30:017][679]LogModuleManager: Shutting down and abandoning module StreamingFile (3)
[2016.10.26-15.36.30:042][679]LogModuleManager: Shutting down and abandoning module SandboxFile (2)
[2016.10.26-15.36.30:119][679]LogModuleManager: Shutting down and abandoning module PakFile (1)
[2016.10.26-15.36.30:273][679]LogExit: Exiting.
[2016.10.26-15.36.30:448][679]Log file closed, 10/26/16 16:36:30
